<?xml version="1.0" encoding="UTF-8"?>
<!-- Generated by org.testng.reporters.JUnitReportReporter -->
<testsuite skipped="0" hostname="asd-PC" name="test.Day1" tests="2" failures="0" timestamp="13 Aug 2019 22:00:58 GMT" time="0.003" errors="0">
  <testcase name="Demo1" time="0.001" classname="test.Day1"/>
  <testcase name="Demo" time="0.002" classname="test.Day1"/>
</testsuite> <!-- test.Day1 -->
