<?xml version="1.0" encoding="UTF-8"?>
<!-- Generated by org.testng.reporters.JUnitReportReporter -->
<testsuite skipped="0" hostname="asd-PC" name="Day1" tests="2" failures="0" timestamp="22 Jun 2019 06:36:18 GMT" time="0.018" errors="0">
  <testcase name="Demo1" time="0.002" classname="Day1"/>
  <testcase name="Demo" time="0.016" classname="Day1"/>
</testsuite> <!-- Day1 -->
