<?xml version="1.0" encoding="UTF-8"?>
<!-- Generated by org.testng.reporters.JUnitReportReporter -->
<testsuite skipped="0" hostname="asd-PC" name="test.Day2" tests="1" failures="0" timestamp="13 Aug 2019 22:00:59 GMT" time="0.013" errors="0">
  <testcase name="Demo2" time="0.013" classname="test.Day2"/>
</testsuite> <!-- test.Day2 -->
