<?xml version="1.0" encoding="UTF-8"?>
<!-- Generated by org.testng.reporters.JUnitReportReporter -->
<testsuite skipped="0" hostname="asd-PC" name="test.Day3" tests="2" failures="0" timestamp="13 Aug 2019 22:00:58 GMT" time="0.015" errors="0">
  <testcase name="webLoginCarLoan" time="0.013" classname="test.Day3"/>
  <testcase name="LoginAPICarLoan" time="0.002" classname="test.Day3"/>
</testsuite> <!-- test.Day3 -->
