<?xml version="1.0" encoding="UTF-8"?>
<!-- Generated by org.testng.reporters.JUnitReportReporter -->
<testsuite skipped="0" hostname="asd-PC" name="test.Day4" tests="3" failures="0" timestamp="13 Aug 2019 22:00:58 GMT" time="0.005" errors="0">
  <testcase name="mobileLoginHomeLoan" time="0.002" classname="test.Day4"/>
  <testcase name="webLoginHomeLoan" time="0.001" classname="test.Day4"/>
  <testcase name="LoginAPIHomeLoan" time="0.002" classname="test.Day4"/>
</testsuite> <!-- test.Day4 -->
