<?xml version="1.0" encoding="UTF-8"?>
<!-- Generated by org.testng.reporters.JUnitReportReporter -->
<testsuite skipped="0" hostname="asd-PC" name="Day2" tests="1" failures="0" timestamp="22 Jun 2019 06:36:18 GMT" time="0.003" errors="0">
  <testcase name="Demo2" time="0.003" classname="Day2"/>
</testsuite> <!-- Day2 -->
